<?xml version="1.0" encoding="UTF-8"?>
<testng-results ignored="0" total="2" passed="2" failed="0" skipped="0">
  <reporter-output>
  </reporter-output>
  <suite started-at="2020-06-10T01:36:24 IST" name="Suite" finished-at="2020-06-10T01:36:39 IST" duration-ms="14764">
    <groups>
      <group name="cucumber">
        <method signature="AbstractTestNGCucumberTests.runScenario(io.cucumber.testng.PickleWrapper, io.cucumber.testng.FeatureWrapper)[pri:0, instance:com.runner.runner1@55f616cf]" name="runScenario" class="io.cucumber.testng.AbstractTestNGCucumberTests"/>
        <method signature="AbstractTestNGCucumberTests.runScenario(io.cucumber.testng.PickleWrapper, io.cucumber.testng.FeatureWrapper)[pri:0, instance:com.runner.runner1@6a6afff2]" name="runScenario" class="io.cucumber.testng.AbstractTestNGCucumberTests"/>
      </group> <!-- cucumber -->
    </groups>
    <test started-at="2020-06-10T01:36:24 IST" name="Test" finished-at="2020-06-10T01:36:39 IST" duration-ms="14764">
      <class name="com.runner.runner1">
        <test-method is-config="true" signature="setUpClass()[pri:0, instance:com.runner.runner1@55f616cf]" started-at="2020-06-10T01:36:24 IST" name="setUpClass" finished-at="2020-06-10T01:36:25 IST" duration-ms="635" status="PASS">
          <reporter-output>
          </reporter-output>
        </test-method> <!-- setUpClass -->
        <test-method signature="runScenario(io.cucumber.testng.PickleWrapper, io.cucumber.testng.FeatureWrapper)[pri:0, instance:com.runner.runner1@55f616cf]" started-at="2020-06-10T01:36:25 IST" name="runScenario" description="Runs Cucumber Scenarios" data-provider="scenarios" finished-at="2020-06-10T01:36:39 IST" duration-ms="13770" status="PASS">
          <params>
            <param index="0">
              <value>
                <![CDATA["login with valid data"]]>
              </value>
            </param>
            <param index="1">
              <value>
                <![CDATA["FlipKart login validation"]]>
              </value>
            </param>
          </params>
          <reporter-output>
          </reporter-output>
        </test-method> <!-- runScenario -->
        <test-method is-config="true" signature="tearDownClass()[pri:0, instance:com.runner.runner1@55f616cf]" started-at="2020-06-10T01:36:39 IST" name="tearDownClass" finished-at="2020-06-10T01:36:39 IST" duration-ms="276" status="PASS">
          <reporter-output>
          </reporter-output>
        </test-method> <!-- tearDownClass -->
      </class> <!-- com.runner.runner1 -->
    </test> <!-- Test -->
    <test started-at="2020-06-10T01:36:24 IST" name="T1" finished-at="2020-06-10T01:36:39 IST" duration-ms="14764">
      <class name="com.runner.runner1">
        <test-method is-config="true" signature="setUpClass()[pri:0, instance:com.runner.runner1@6a6afff2]" started-at="2020-06-10T01:36:24 IST" name="setUpClass" finished-at="2020-06-10T01:36:25 IST" duration-ms="635" status="PASS">
          <reporter-output>
          </reporter-output>
        </test-method> <!-- setUpClass -->
        <test-method signature="runScenario(io.cucumber.testng.PickleWrapper, io.cucumber.testng.FeatureWrapper)[pri:0, instance:com.runner.runner1@6a6afff2]" started-at="2020-06-10T01:36:25 IST" name="runScenario" description="Runs Cucumber Scenarios" data-provider="scenarios" finished-at="2020-06-10T01:36:39 IST" duration-ms="13940" status="PASS">
          <params>
            <param index="0">
              <value>
                <![CDATA["login with valid data"]]>
              </value>
            </param>
            <param index="1">
              <value>
                <![CDATA["FlipKart login validation"]]>
              </value>
            </param>
          </params>
          <reporter-output>
          </reporter-output>
        </test-method> <!-- runScenario -->
        <test-method is-config="true" signature="tearDownClass()[pri:0, instance:com.runner.runner1@6a6afff2]" started-at="2020-06-10T01:36:39 IST" name="tearDownClass" finished-at="2020-06-10T01:36:39 IST" duration-ms="112" status="PASS">
          <reporter-output>
          </reporter-output>
        </test-method> <!-- tearDownClass -->
      </class> <!-- com.runner.runner1 -->
    </test> <!-- T1 -->
  </suite> <!-- Suite -->
</testng-results>
